<?xml version="1.0" encoding="UTF-8"?>
<!-- Generated by org.testng.reporters.JUnitReportReporter -->
<testsuite skipped="0" hostname="BIOMUML007" name="pages.Loginpage" tests="1" failures="0" timestamp="2020-09-25T15:57:49 IST" time="27.007" errors="0">
  <testcase name="Login" time="27.007" classname="pages.Loginpage"/>
  <system-out/>
</testsuite> <!-- pages.Loginpage -->
